[INFO][23-12-27][com.dtflys.forest.config.ForestConfiguration][Forest] Http Backend: okhttp3
[INFO][23-12-27][com.dtflys.forest.logging.DefaultLogHandler][Forest] Request (okhttp3): 
	GET http://localhost:9111/v1/api/buckets/listBuckets HTTP
	Headers: 
		User-Agent: forest/1.5.35
		X-Access-Key: testkey
		X-Access-Secret: testkey
[INFO][23-12-27][com.dtflys.forest.logging.DefaultLogHandler][Forest] Response: Status = 200, Time = 114ms
[INFO][23-12-27][cloud.jillion.jos.client.core.JOSClientTest]{"data":[],"pageIndex":1,"errCode":"401","success":false,"totalPages":0,"pageSize":1,"notEmpty":false,"totalCount":0,"errMessage":"Authentication failed: Access Key and Access Secret must be not null","empty":true}
[INFO][23-12-27][com.dtflys.forest.config.ForestConfiguration][Forest] Http Backend: okhttp3
[INFO][23-12-27][com.dtflys.forest.logging.DefaultLogHandler][Forest] Request (okhttp3): 
	GET http://localhost:9111/v1/api/buckets/listBuckets HTTP
	Headers: 
		User-Agent: forest/1.5.35
		X-Access-Key: testkey
		X-Access-Secret: testkey
[INFO][23-12-27][com.dtflys.forest.logging.DefaultLogHandler][Forest] Response: [Network Error]: timeout
[INFO][23-12-27][com.dtflys.forest.config.ForestConfiguration][Forest] Http Backend: okhttp3
[INFO][23-12-27][com.dtflys.forest.logging.DefaultLogHandler][Forest] Request (okhttp3): 
	GET http://localhost:9111/v1/api/buckets/listBuckets HTTP
	Headers: 
		User-Agent: forest/1.5.35
		X-Access-Key: testkey
		X-Access-Secret: testkey
[INFO][23-12-27][com.dtflys.forest.logging.DefaultLogHandler][Forest] Response: [Network Error]: Read timed out
[INFO][23-12-27][com.dtflys.forest.config.ForestConfiguration][Forest] Http Backend: okhttp3
[INFO][23-12-27][com.dtflys.forest.logging.DefaultLogHandler][Forest] Request (okhttp3): 
	GET http://localhost:9111/v1/api/buckets/listBuckets HTTP
	Headers: 
		User-Agent: forest/1.5.35
		X-Access-Key: testkey
		X-Access-Secret: testkey
[INFO][23-12-27][com.dtflys.forest.logging.DefaultLogHandler][Forest] Response: Status = 500, Time = 602ms
[INFO][23-12-27][com.dtflys.forest.config.ForestConfiguration][Forest] Http Backend: okhttp3
[INFO][23-12-27][com.dtflys.forest.logging.DefaultLogHandler][Forest] Request (okhttp3): 
	GET http://localhost:9111/v1/api/buckets/listBuckets HTTP
	Headers: 
		User-Agent: forest/1.5.35
		X-Access-Key: testkey
		X-Access-Secret: testkey
[INFO][23-12-27][com.dtflys.forest.logging.DefaultLogHandler][Forest] Response: Status = 500, Time = 719ms
[INFO][23-12-27][com.dtflys.forest.config.ForestConfiguration][Forest] Http Backend: okhttp3
[INFO][23-12-27][com.dtflys.forest.logging.DefaultLogHandler][Forest] Request (okhttp3): 
	GET http://localhost:9111/v1/api/buckets/listBuckets HTTP
	Headers: 
		User-Agent: forest/1.5.35
		X-Access-Key: ut_test_key
		X-Access-Secret: ut_test_key
[INFO][23-12-27][com.dtflys.forest.logging.DefaultLogHandler][Forest] Response: Status = 200, Time = 614ms
[INFO][23-12-27][cloud.jillion.jos.client.core.JOSClientTest]{"data":[],"pageIndex":1,"errCode":"401","success":false,"totalPages":0,"pageSize":1,"notEmpty":false,"totalCount":0,"errMessage":"Access Key is disabled","empty":true}
[INFO][23-12-27][com.dtflys.forest.config.ForestConfiguration][Forest] Http Backend: okhttp3
[INFO][23-12-27][com.dtflys.forest.logging.DefaultLogHandler][Forest] Request (okhttp3): 
	GET http://localhost:9111/v1/api/buckets/listBuckets HTTP
	Headers: 
		User-Agent: forest/1.5.35
		X-Access-Key: ut_test_key
		X-Access-Secret: QUtfM0YzOTU3MDUtNTNENy00M0VDLTlCODktNkFERUEwMTc0NDkyXzE3MDM2OTA1MjA5NDY=
[INFO][23-12-27][com.dtflys.forest.logging.DefaultLogHandler][Forest] Response: Status = 200, Time = 2317ms
[INFO][23-12-27][cloud.jillion.jos.client.core.JOSClientTest]{"data":[],"pageIndex":1,"errCode":"401","success":false,"totalPages":0,"pageSize":1,"notEmpty":false,"totalCount":0,"errMessage":"Access Key is disabled","empty":true}
[INFO][23-12-27][com.dtflys.forest.config.ForestConfiguration][Forest] Http Backend: okhttp3
[INFO][23-12-27][com.dtflys.forest.logging.DefaultLogHandler][Forest] Request (okhttp3): 
	GET http://localhost:9111/v1/api/buckets/listBuckets HTTP
	Headers: 
		User-Agent: forest/1.5.35
		X-Access-Key: ut_test_key
		X-Access-Secret: QUtfM0YzOTU3MDUtNTNENy00M0VDLTlCODktNkFERUEwMTc0NDkyXzE3MDM2OTA1MjA5NDY=
[INFO][23-12-27][com.dtflys.forest.logging.DefaultLogHandler][Forest] Response: [Network Error]: timeout
[INFO][23-12-27][com.dtflys.forest.config.ForestConfiguration][Forest] Http Backend: okhttp3
[INFO][23-12-27][com.dtflys.forest.logging.DefaultLogHandler][Forest] Request (okhttp3): 
	GET http://localhost:9111/v1/api/buckets/listBuckets HTTP
	Headers: 
		User-Agent: forest/1.5.35
		X-Access-Key: ut_test_key
		X-Access-Secret: QUtfM0YzOTU3MDUtNTNENy00M0VDLTlCODktNkFERUEwMTc0NDkyXzE3MDM2OTA1MjA5NDY=
[INFO][23-12-27][com.dtflys.forest.logging.DefaultLogHandler][Forest] Response: [Network Error]: timeout
[INFO][23-12-27][com.dtflys.forest.config.ForestConfiguration][Forest] Http Backend: okhttp3
[INFO][23-12-27][com.dtflys.forest.logging.DefaultLogHandler][Forest] Request (okhttp3): 
	GET http://localhost:9111/v1/api/buckets/listBuckets HTTP
	Headers: 
		User-Agent: forest/1.5.35
		X-Access-Key: ut_test_key
		X-Access-Secret: QUtfM0YzOTU3MDUtNTNENy00M0VDLTlCODktNkFERUEwMTc0NDkyXzE3MDM2OTA1MjA5NDY=
[INFO][23-12-27][com.dtflys.forest.logging.DefaultLogHandler][Forest] Response: [Network Error]: Read timed out
[INFO][23-12-27][com.dtflys.forest.config.ForestConfiguration][Forest] Http Backend: okhttp3
[INFO][23-12-27][com.dtflys.forest.logging.DefaultLogHandler][Forest] Request (okhttp3): 
	GET http://localhost:9111/v1/api/buckets/listBuckets HTTP
	Headers: 
		User-Agent: forest/1.5.35
		X-Access-Key: ut_test_key
		X-Access-Secret: QUtfM0YzOTU3MDUtNTNENy00M0VDLTlCODktNkFERUEwMTc0NDkyXzE3MDM2OTA1MjA5NDY=
[INFO][23-12-27][com.dtflys.forest.logging.DefaultLogHandler][Forest] Response: [Network Error]: timeout
[INFO][23-12-27][com.dtflys.forest.config.ForestConfiguration][Forest] Http Backend: okhttp3
[INFO][23-12-27][com.dtflys.forest.logging.DefaultLogHandler][Forest] Request (okhttp3): 
	GET http://localhost:9111/v1/api/buckets/listBuckets HTTP
	Headers: 
		User-Agent: forest/1.5.35
		X-Access-Key: ut_test_key
		X-Access-Secret: QUtfM0YzOTU3MDUtNTNENy00M0VDLTlCODktNkFERUEwMTc0NDkyXzE3MDM2OTA1MjA5NDY=
[INFO][23-12-27][com.dtflys.forest.logging.DefaultLogHandler][Forest] Response: [Network Error]: Read timed out
[INFO][23-12-27][com.dtflys.forest.config.ForestConfiguration][Forest] Http Backend: okhttp3
[INFO][23-12-27][com.dtflys.forest.logging.DefaultLogHandler][Forest] Request (okhttp3): 
	GET http://localhost:9111/v1/api/buckets/listBuckets?needTotalCount=true&offset=0&orderDirection=DESC&pageIndex=1&pageSize=20 HTTP
	Headers: 
		User-Agent: forest/1.5.35
		X-Access-Key: ut_test_key
		X-Access-Secret: QUtfM0YzOTU3MDUtNTNENy00M0VDLTlCODktNkFERUEwMTc0NDkyXzE3MDM2OTA1MjA5NDY=
[INFO][23-12-27][com.dtflys.forest.logging.DefaultLogHandler][Forest] Response: [Network Error]: timeout
[INFO][23-12-27][com.dtflys.forest.config.ForestConfiguration][Forest] Http Backend: okhttp3
[INFO][23-12-27][com.dtflys.forest.logging.DefaultLogHandler][Forest] Request (okhttp3): 
	GET http://localhost:9111/v1/api/buckets/listBuckets?needTotalCount=true&offset=0&orderDirection=DESC&pageIndex=1&pageSize=20 HTTP
	Headers: 
		User-Agent: forest/1.5.35
		X-Access-Key: ut_test_key
		X-Access-Secret: QUtfM0YzOTU3MDUtNTNENy00M0VDLTlCODktNkFERUEwMTc0NDkyXzE3MDM2OTA1MjA5NDY=
[INFO][23-12-27][com.dtflys.forest.logging.DefaultLogHandler][Forest] Response: [Network Error]: Read timed out
[INFO][23-12-27][com.dtflys.forest.config.ForestConfiguration][Forest] Http Backend: okhttp3
[INFO][23-12-27][com.dtflys.forest.logging.DefaultLogHandler][Forest] Request (okhttp3): 
	GET http://localhost:9111/v1/api/listBuckets?needTotalCount=true&offset=0&orderDirection=DESC&pageIndex=1&pageSize=20 HTTP
	Headers: 
		User-Agent: forest/1.5.35
		X-Access-Key: ut_test_key
		X-Access-Secret: QUtfM0YzOTU3MDUtNTNENy00M0VDLTlCODktNkFERUEwMTc0NDkyXzE3MDM2OTA1MjA5NDY=
[INFO][23-12-27][com.dtflys.forest.logging.DefaultLogHandler][Forest] Response: [Network Error]: Read timed out
[INFO][23-12-27][com.dtflys.forest.config.ForestConfiguration][Forest] Http Backend: okhttp3
[INFO][23-12-27][com.dtflys.forest.logging.DefaultLogHandler][Forest] Request (okhttp3): 
	GET http://localhost:9111/api/listBuckets?needTotalCount=true&offset=0&orderDirection=DESC&pageIndex=1&pageSize=20 HTTP
	Headers: 
		User-Agent: forest/1.5.35
		X-Access-Key: ut_test_key
		X-Access-Secret: QUtfM0YzOTU3MDUtNTNENy00M0VDLTlCODktNkFERUEwMTc0NDkyXzE3MDM2OTA1MjA5NDY=
[INFO][23-12-27][com.dtflys.forest.logging.DefaultLogHandler][Forest] Response: Status = 200, Time = 749ms
[INFO][23-12-27][cloud.jillion.jos.client.core.JOSClientTest]{"data":[{"bucketName":"test","creator":"0","created":1701955161000,"modifier":"0","extValues":{},"modified":1701955161000,"id":"0EEC1Z747Y9JG"},{"bucketName":"test1","creator":"0","created":1701955475000,"modifier":"0","extValues":{},"modified":1701955475000,"id":"0EEC35EDHGDJH","quotaSize":1000}],"pageIndex":1,"success":true,"totalPages":1,"pageSize":20,"notEmpty":true,"totalCount":2,"empty":false}
[INFO][23-12-27][com.dtflys.forest.config.ForestConfiguration][Forest] Http Backend: okhttp3
[INFO][23-12-27][com.dtflys.forest.logging.DefaultLogHandler][Forest] Request (okhttp3): 
	GET http://localhost:9111/api/listBuckets?needTotalCount=true&offset=0&orderDirection=DESC&pageIndex=1&pageSize=20 HTTP
	Headers: 
		User-Agent: forest/1.5.35
		X-Access-Key: ut_test_key
		X-Access-Secret: QUtfM0YzOTU3MDUtNTNENy00M0VDLTlCODktNkFERUEwMTc0NDkyXzE3MDM2OTA1MjA5NDY=
[INFO][23-12-27][com.dtflys.forest.logging.DefaultLogHandler][Forest] Response: Status = 403, Time = 188ms
[INFO][23-12-27][com.dtflys.forest.config.ForestConfiguration][Forest] Http Backend: okhttp3
[INFO][23-12-27][com.dtflys.forest.logging.DefaultLogHandler][Forest] Request (okhttp3): 
	GET http://localhost:9111/v1/api/listBuckets?needTotalCount=true&offset=0&orderDirection=DESC&pageIndex=1&pageSize=20 HTTP
	Headers: 
		User-Agent: forest/1.5.35
		X-Access-Key: ut_test_key
		X-Access-Secret: QUtfM0YzOTU3MDUtNTNENy00M0VDLTlCODktNkFERUEwMTc0NDkyXzE3MDM2OTA1MjA5NDY=
[INFO][23-12-27][com.dtflys.forest.logging.DefaultLogHandler][Forest] Response: [Network Error]: Read timed out
[INFO][23-12-27][com.dtflys.forest.config.ForestConfiguration][Forest] Http Backend: okhttp3
[INFO][23-12-27][com.dtflys.forest.logging.DefaultLogHandler][Forest] Request (okhttp3): 
	GET http://localhost:9111/v1/api/listBuckets?needTotalCount=true&offset=0&orderDirection=DESC&pageIndex=1&pageSize=20 HTTP
	Headers: 
		User-Agent: forest/1.5.35
		X-Access-Key: ut_test_key
		X-Access-Secret: QUtfM0YzOTU3MDUtNTNENy00M0VDLTlCODktNkFERUEwMTc0NDkyXzE3MDM2OTA1MjA5NDY=
[INFO][23-12-27][com.dtflys.forest.logging.DefaultLogHandler][Forest] Response: [Network Error]: timeout
[INFO][23-12-27][com.dtflys.forest.config.ForestConfiguration][Forest] Http Backend: okhttp3
[INFO][23-12-27][com.dtflys.forest.logging.DefaultLogHandler][Forest] Request (okhttp3): 
	GET http://localhost:9111/v1/api/listBuckets?needTotalCount=true&offset=0&orderDirection=DESC&pageIndex=1&pageSize=20 HTTP
	Headers: 
		User-Agent: forest/1.5.35
		X-Access-Key: ut_test_key
		X-Access-Secret: QUtfM0YzOTU3MDUtNTNENy00M0VDLTlCODktNkFERUEwMTc0NDkyXzE3MDM2OTA1MjA5NDY=
[INFO][23-12-27][com.dtflys.forest.logging.DefaultLogHandler][Forest] Response: [Network Error]: Read timed out
[INFO][23-12-28][com.dtflys.forest.config.ForestConfiguration][Forest] Http Backend: okhttp3
[INFO][23-12-28][com.dtflys.forest.logging.DefaultLogHandler][Forest] Request (okhttp3): 
	GET http://localhost:9111/v1/api/listBuckets?needTotalCount=true&offset=0&orderDirection=DESC&pageIndex=1&pageSize=20 HTTP
	Headers: 
		User-Agent: forest/1.5.35
		X-Access-Key: ut_test_key
		X-Access-Secret: QUtfM0YzOTU3MDUtNTNENy00M0VDLTlCODktNkFERUEwMTc0NDkyXzE3MDM2OTA1MjA5NDY=
[INFO][23-12-28][com.dtflys.forest.logging.DefaultLogHandler][Forest] Response: Status = 403, Time = 183ms
[INFO][23-12-28][com.dtflys.forest.config.ForestConfiguration][Forest] Http Backend: okhttp3
[INFO][23-12-28][com.dtflys.forest.logging.DefaultLogHandler][Forest] Request (okhttp3): 
	GET http://localhost:9111/test/api/listBuckets?needTotalCount=true&offset=0&orderDirection=DESC&pageIndex=1&pageSize=20 HTTP
	Headers: 
		User-Agent: forest/1.5.35
		X-Access-Key: ut_test_key
		X-Access-Secret: QUtfM0YzOTU3MDUtNTNENy00M0VDLTlCODktNkFERUEwMTc0NDkyXzE3MDM2OTA1MjA5NDY=
[INFO][23-12-28][com.dtflys.forest.logging.DefaultLogHandler][Forest] Response: [Network Error]: timeout
[INFO][23-12-28][com.dtflys.forest.config.ForestConfiguration][Forest] Http Backend: okhttp3
[INFO][23-12-28][com.dtflys.forest.logging.DefaultLogHandler][Forest] Request (okhttp3): 
	GET http://localhost:9111/api/listBuckets?needTotalCount=true&offset=0&orderDirection=DESC&pageIndex=1&pageSize=20 HTTP
	Headers: 
		User-Agent: forest/1.5.35
		X-Access-Key: ut_test_key
		X-Access-Secret: QUtfM0YzOTU3MDUtNTNENy00M0VDLTlCODktNkFERUEwMTc0NDkyXzE3MDM2OTA1MjA5NDY=
[INFO][23-12-28][com.dtflys.forest.logging.DefaultLogHandler][Forest] Response: [Network Error]: timeout
[INFO][23-12-28][com.dtflys.forest.config.ForestConfiguration][Forest] Http Backend: okhttp3
[INFO][23-12-28][com.dtflys.forest.logging.DefaultLogHandler][Forest] Request (okhttp3): 
	GET http://localhost:9111/api/listBuckets?needTotalCount=true&offset=0&orderDirection=DESC&pageIndex=1&pageSize=20 HTTP
	Headers: 
		User-Agent: forest/1.5.35
		X-Access-Key: ut_test_key
		X-Access-Secret: QUtfM0YzOTU3MDUtNTNENy00M0VDLTlCODktNkFERUEwMTc0NDkyXzE3MDM2OTA1MjA5NDY=
[INFO][23-12-28][com.dtflys.forest.logging.DefaultLogHandler][Forest] Response: [Network Error]: timeout
[INFO][23-12-28][com.dtflys.forest.config.ForestConfiguration][Forest] Http Backend: okhttp3
[INFO][23-12-28][com.dtflys.forest.logging.DefaultLogHandler][Forest] Request (okhttp3): 
	GET http://localhost:9111/api/listBuckets?needTotalCount=true&offset=0&orderDirection=DESC&pageIndex=1&pageSize=20 HTTP
	Headers: 
		User-Agent: forest/1.5.35
		X-Access-Key: ut_test_key
		X-Access-Secret: QUtfM0YzOTU3MDUtNTNENy00M0VDLTlCODktNkFERUEwMTc0NDkyXzE3MDM2OTA1MjA5NDY=
[INFO][23-12-28][com.dtflys.forest.logging.DefaultLogHandler][Forest] Response: [Network Error]: Read timed out
[INFO][23-12-28][com.dtflys.forest.config.ForestConfiguration][Forest] Http Backend: okhttp3
[INFO][23-12-28][com.dtflys.forest.logging.DefaultLogHandler][Forest] Request (okhttp3): 
	GET http://localhost:9111/api/listBuckets?needTotalCount=true&offset=0&orderDirection=DESC&pageIndex=1&pageSize=20 HTTP
	Headers: 
		User-Agent: forest/1.5.35
		X-Access-Key: ut_test_key
		X-Access-Secret: QUtfM0YzOTU3MDUtNTNENy00M0VDLTlCODktNkFERUEwMTc0NDkyXzE3MDM2OTA1MjA5NDY=
[INFO][23-12-28][com.dtflys.forest.logging.DefaultLogHandler][Forest] Response: [Network Error]: timeout
[INFO][23-12-28][com.dtflys.forest.config.ForestConfiguration][Forest] Http Backend: okhttp3
[INFO][23-12-28][com.dtflys.forest.logging.DefaultLogHandler][Forest] Request (okhttp3): 
	GET http://localhost:9111/api/listBuckets?needTotalCount=true&offset=0&orderDirection=DESC&pageIndex=1&pageSize=20 HTTP
	Headers: 
		User-Agent: forest/1.5.35
		X-Access-Key: ut_test_key
		X-Access-Secret: QUtfM0YzOTU3MDUtNTNENy00M0VDLTlCODktNkFERUEwMTc0NDkyXzE3MDM2OTA1MjA5NDY=
[INFO][23-12-28][com.dtflys.forest.logging.DefaultLogHandler][Forest] Response: Status = 200, Time = 1279ms
[INFO][23-12-28][cloud.jillion.jos.client.core.JOSClientTest]{"data":[{"bucketName":"test","creator":"0","created":1701955161000,"modifier":"0","extValues":{},"modified":1701955161000,"id":"0EEC1Z747Y9JG"},{"bucketName":"test1","creator":"0","created":1701955475000,"modifier":"0","extValues":{},"modified":1701955475000,"id":"0EEC35EDHGDJH","quotaSize":1000}],"pageIndex":1,"success":true,"totalPages":1,"pageSize":20,"notEmpty":true,"totalCount":2,"empty":false}
[INFO][23-12-28][com.dtflys.forest.config.ForestConfiguration][Forest] Http Backend: okhttp3
[INFO][23-12-28][com.dtflys.forest.logging.DefaultLogHandler][Forest] Request (okhttp3): 
	GET http://localhost:9111/api/listBuckets?needTotalCount=true&offset=0&orderDirection=DESC&pageIndex=1&pageSize=20 HTTP
	Headers: 
		User-Agent: forest/1.5.35
		X-Access-Key: ut_test_key
		X-Access-Secret: QUtfM0YzOTU3MDUtNTNENy00M0VDLTlCODktNkFERUEwMTc0NDkyXzE3MDM2OTA1MjA5NDY=
[INFO][23-12-28][com.dtflys.forest.logging.DefaultLogHandler][Forest] Response: [Network Error]: timeout
[INFO][23-12-28][com.dtflys.forest.config.ForestConfiguration][Forest] Http Backend: okhttp3
[INFO][23-12-28][com.dtflys.forest.logging.DefaultLogHandler][Forest] Request (okhttp3): 
	GET http://localhost:9111/api/listBuckets?needTotalCount=true&offset=0&orderDirection=DESC&pageIndex=1&pageSize=20 HTTP
	Headers: 
		User-Agent: forest/1.5.35
		X-Access-Key: ut_test_key
		X-Access-Secret: QUtfM0YzOTU3MDUtNTNENy00M0VDLTlCODktNkFERUEwMTc0NDkyXzE3MDM2OTA1MjA5NDY=
[INFO][23-12-28][com.dtflys.forest.logging.DefaultLogHandler][Forest] Response: Status = 200, Time = 1306ms
[INFO][23-12-28][cloud.jillion.jos.client.core.JOSClientTest]{"data":[{"bucketName":"test","creator":"0","created":1701955161000,"modifier":"0","extValues":{},"modified":1701955161000,"id":"0EEC1Z747Y9JG"},{"bucketName":"test1","creator":"0","created":1701955475000,"modifier":"0","extValues":{},"modified":1701955475000,"id":"0EEC35EDHGDJH","quotaSize":1000}],"pageIndex":1,"success":true,"totalPages":1,"pageSize":20,"notEmpty":true,"totalCount":2,"empty":false}
[INFO][23-12-28][com.dtflys.forest.config.ForestConfiguration][Forest] Http Backend: okhttp3
[INFO][23-12-28][com.dtflys.forest.logging.DefaultLogHandler][Forest] Request (okhttp3): 
	GET http://localhost:9111/api/listBuckets?needTotalCount=true&offset=0&orderDirection=DESC&pageIndex=1&pageSize=20 HTTP
	Headers: 
		User-Agent: forest/1.5.35
		X-Access-Key: ut_test_key
		X-Access-Secret: QUtfM0YzOTU3MDUtNTNENy00M0VDLTlCODktNkFERUEwMTc0NDkyXzE3MDM2OTA1MjA5NDY=
[INFO][23-12-28][com.dtflys.forest.logging.DefaultLogHandler][Forest] Response: [Network Error]: Read timed out
[INFO][23-12-28][com.dtflys.forest.config.ForestConfiguration][Forest] Http Backend: okhttp3
[INFO][23-12-28][com.dtflys.forest.logging.DefaultLogHandler][Forest] Request (okhttp3): 
	GET http://localhost:9111/v1/api/buckets/listBuckets?needTotalCount=true&offset=0&orderDirection=DESC&pageIndex=1&pageSize=20 HTTP
	Headers: 
		User-Agent: forest/1.5.35
		X-Access-Key: ut_test_key
		X-Access-Secret: QUtfM0YzOTU3MDUtNTNENy00M0VDLTlCODktNkFERUEwMTc0NDkyXzE3MDM2OTA1MjA5NDY=
[INFO][23-12-28][com.dtflys.forest.logging.DefaultLogHandler][Forest] Response: Status = 200, Time = 1285ms
[INFO][23-12-28][cloud.jillion.jos.client.core.JOSClientTest]{"data":[{"bucketName":"test","creator":"0","created":1701955161000,"modifier":"0","extValues":{},"modified":1701955161000,"id":"0EEC1Z747Y9JG"},{"bucketName":"test1","creator":"0","created":1701955475000,"modifier":"0","extValues":{},"modified":1701955475000,"id":"0EEC35EDHGDJH","quotaSize":1000}],"pageIndex":1,"success":true,"totalPages":1,"pageSize":20,"notEmpty":true,"totalCount":2,"empty":false}
[INFO][23-12-28][com.dtflys.forest.config.ForestConfiguration][Forest] Http Backend: okhttp3
[INFO][23-12-28][com.dtflys.forest.logging.DefaultLogHandler][Forest] Request (okhttp3): 
	GET http://localhost:9111/v1/api/buckets/listBuckets?needTotalCount=true&offset=0&orderDirection=DESC&pageIndex=1&pageSize=20 HTTP
	Headers: 
		User-Agent: forest/1.5.35
		X-Access-Key: ut_test_key
		X-Access-Secret: QUtfM0YzOTU3MDUtNTNENy00M0VDLTlCODktNkFERUEwMTc0NDkyXzE3MDM2OTA1MjA5NDY=
[INFO][23-12-28][com.dtflys.forest.logging.DefaultLogHandler][Forest] Response: Status = 200, Time = 1247ms
[INFO][23-12-28][cloud.jillion.jos.client.core.JOSClientTest]{"data":[{"bucketName":"test","creator":"0","created":1701955161000,"modifier":"0","extValues":{},"modified":1701955161000,"id":"0EEC1Z747Y9JG"},{"bucketName":"test1","creator":"0","created":1701955475000,"modifier":"0","extValues":{},"modified":1701955475000,"id":"0EEC35EDHGDJH","quotaSize":1000}],"pageIndex":1,"success":true,"totalPages":1,"pageSize":20,"notEmpty":true,"totalCount":2,"empty":false}
[INFO][23-12-28][com.dtflys.forest.config.ForestConfiguration][Forest] Http Backend: okhttp3
[INFO][23-12-28][com.dtflys.forest.logging.DefaultLogHandler][Forest] Request (okhttp3): 
	GET http://localhost:9111/v1/api/buckets/listBuckets?needTotalCount=true&offset=0&orderDirection=DESC&pageIndex=1&pageSize=20 HTTP
	Headers: 
		User-Agent: forest/1.5.35
		X-Access-Key: ut_test_key
		X-Access-Secret: QUtfM0YzOTU3MDUtNTNENy00M0VDLTlCODktNkFERUEwMTc0NDkyXzE3MDM2OTA1MjA5NDY=
[INFO][23-12-28][com.dtflys.forest.logging.DefaultLogHandler][Forest] Response: Status = 200, Time = 1258ms
[INFO][23-12-28][cloud.jillion.jos.client.core.JOSClientTest]{"data":[{"bucketName":"test","creator":"0","created":1701955161000,"modifier":"0","extValues":{},"modified":1701955161000,"id":"0EEC1Z747Y9JG"},{"bucketName":"test1","creator":"0","created":1701955475000,"modifier":"0","extValues":{},"modified":1701955475000,"id":"0EEC35EDHGDJH","quotaSize":1000}],"pageIndex":1,"success":true,"totalPages":1,"pageSize":20,"notEmpty":true,"totalCount":2,"empty":false}
[INFO][23-12-28][com.dtflys.forest.config.ForestConfiguration][Forest] Http Backend: okhttp3
[INFO][23-12-28][com.dtflys.forest.logging.DefaultLogHandler][Forest] Request (okhttp3): 
	POST http://localhost:9111/v1/api/buckets/createBucket HTTP
	Headers: 
		User-Agent: forest/1.5.35
		X-Access-Key: ut_test_key
		X-Access-Secret: QUtfM0YzOTU3MDUtNTNENy00M0VDLTlCODktNkFERUEwMTc0NDkyXzE3MDM2OTA1MjA5NDY=
		Content-Type: application/json
	Body: {"bucketName":"test-bucket-1228","quotaSize":100}
[INFO][23-12-28][com.dtflys.forest.logging.DefaultLogHandler][Forest] Response: Status = 200, Time = 941ms
[INFO][23-12-28][com.dtflys.forest.config.ForestConfiguration][Forest] Http Backend: okhttp3
[INFO][23-12-28][com.dtflys.forest.logging.DefaultLogHandler][Forest] Request (okhttp3): 
	POST http://localhost:9111/v1/api/buckets/createBucket HTTP
	Headers: 
		User-Agent: forest/1.5.35
		X-Access-Key: ut_test_key
		X-Access-Secret: QUtfM0YzOTU3MDUtNTNENy00M0VDLTlCODktNkFERUEwMTc0NDkyXzE3MDM2OTA1MjA5NDY=
		Content-Type: application/json
	Body: {"bucketName":"test-bucket-1228","quotaSize":100}
[INFO][23-12-28][com.dtflys.forest.logging.DefaultLogHandler][Forest] Response: [Network Error]: Read timed out
[INFO][23-12-28][com.dtflys.forest.config.ForestConfiguration][Forest] Http Backend: okhttp3
[INFO][23-12-28][com.dtflys.forest.logging.DefaultLogHandler][Forest] Request (okhttp3): 
	POST http://localhost:9111/v1/api/buckets/createBucket HTTP
	Headers: 
		User-Agent: forest/1.5.35
		X-Access-Key: ut_test_key
		X-Access-Secret: QUtfM0YzOTU3MDUtNTNENy00M0VDLTlCODktNkFERUEwMTc0NDkyXzE3MDM2OTA1MjA5NDY=
		Content-Type: application/json
	Body: {"bucketName":"test-bucket-1228","quotaSize":100}
[INFO][23-12-28][com.dtflys.forest.logging.DefaultLogHandler][Forest] Response: [Network Error]: timeout
[INFO][23-12-28][com.dtflys.forest.config.ForestConfiguration][Forest] Http Backend: okhttp3
[INFO][23-12-28][com.dtflys.forest.logging.DefaultLogHandler][Forest] Request (okhttp3): 
	POST http://localhost:9111/v1/api/buckets/createBucket HTTP
	Headers: 
		User-Agent: forest/1.5.35
		X-Access-Key: ut_test_key
		X-Access-Secret: QUtfM0YzOTU3MDUtNTNENy00M0VDLTlCODktNkFERUEwMTc0NDkyXzE3MDM2OTA1MjA5NDY=
		Content-Type: application/json
	Body: {"bucketName":"test-bucket-1228","quotaSize":100}
[INFO][23-12-28][com.dtflys.forest.logging.DefaultLogHandler][Forest] Response: Status = 200, Time = 1496ms
[INFO][23-12-28][com.dtflys.forest.config.ForestConfiguration][Forest] Http Backend: okhttp3
[INFO][23-12-28][com.dtflys.forest.logging.DefaultLogHandler][Forest] Request (okhttp3): 
	POST http://localhost:9111/v1/api/buckets/createBucket HTTP
	Headers: 
		User-Agent: forest/1.5.35
		X-Access-Key: ut_test_key
		X-Access-Secret: QUtfM0YzOTU3MDUtNTNENy00M0VDLTlCODktNkFERUEwMTc0NDkyXzE3MDM2OTA1MjA5NDY=
		Content-Type: application/json
	Body: {"bucketName":"test-bucket-1228","quotaSize":100}
[INFO][23-12-28][com.dtflys.forest.logging.DefaultLogHandler][Forest] Response: Status = 200, Time = 1505ms
[INFO][23-12-28][cloud.jillion.jos.client.core.JOSClientTest]{"success":true}
[INFO][23-12-28][com.dtflys.forest.config.ForestConfiguration][Forest] Http Backend: okhttp3
[INFO][23-12-28][com.dtflys.forest.logging.DefaultLogHandler][Forest] Request (okhttp3): 
	POST http://localhost:9111/v1/api/buckets/createBucket HTTP
	Headers: 
		User-Agent: forest/1.5.35
		X-Access-Key: ut_test_key
		X-Access-Secret: QUtfM0YzOTU3MDUtNTNENy00M0VDLTlCODktNkFERUEwMTc0NDkyXzE3MDM2OTA1MjA5NDY=
		Content-Type: application/json
	Body: {"bucketName":"test-bucket-1228-1"}
[INFO][23-12-28][com.dtflys.forest.logging.DefaultLogHandler][Forest] Response: Status = 200, Time = 1058ms
[INFO][23-12-28][com.dtflys.forest.config.ForestConfiguration][Forest] Http Backend: okhttp3
[INFO][23-12-28][com.dtflys.forest.logging.DefaultLogHandler][Forest] Request (okhttp3): 
	POST http://localhost:9111/v1/api/buckets/createBucket HTTP
	Headers: 
		User-Agent: forest/1.5.35
		X-Access-Key: ut_test_key
		X-Access-Secret: QUtfM0YzOTU3MDUtNTNENy00M0VDLTlCODktNkFERUEwMTc0NDkyXzE3MDM2OTA1MjA5NDY=
		Content-Type: application/json
	Body: {"bucketName":"test-bucket-1228-1"}
[INFO][23-12-28][com.dtflys.forest.logging.DefaultLogHandler][Forest] Response: Status = 200, Time = 1572ms
[INFO][23-12-28][cloud.jillion.jos.client.core.JOSClientTest]{"success":true}
